<?xml version="1.0" encoding="UTF-8" ?>
<testsuite tests="17" failures="17" name="com.ou.services.BranchServiceTest" time="0.015" errors="0" skipped="0">
  <properties>
[...]
</properties>
  <testcase classname="com.ou.services.BranchServiceTest" name="com.ou.services.BranchServiceTest.testUpdateBranchWithInvalidInformation" time="0.004">
    <failure type="java.lang.NullPointerException">java.lang.NullPointerException
	at com.ou.services.BranchServiceTest.testUpdateBranchWithInvalidInformation(BranchServiceTest.java:179)
</failure>
  </testcase>
  <testcase classname="com.ou.services.BranchServiceTest" name="com.ou.services.BranchServiceTest.testUpdateBranchWithValidInfomation" time="0">
    <failure type="java.lang.NullPointerException">java.lang.NullPointerException
	at com.ou.services.BranchServiceTest.testUpdateBranchWithValidInfomation(BranchServiceTest.java:209)
</failure>
  </testcase>
  <testcase classname="com.ou.services.BranchServiceTest" name="com.ou.services.BranchServiceTest.testAddBranchWithInvalidInformation" time="0">
    <failure type="java.lang.NullPointerException">java.lang.NullPointerException
	at com.ou.services.BranchServiceTest.testAddBranchWithInvalidInformation(BranchServiceTest.java:130)
</failure>
  </testcase>
  <testcase classname="com.ou.services.BranchServiceTest" name="com.ou.services.BranchServiceTest.testDeleteBranchWithInvalidInformation" time="0">
    <failure type="java.lang.NullPointerException">java.lang.NullPointerException
	at com.ou.services.BranchServiceTest.testDeleteBranchWithInvalidInformation(BranchServiceTest.java:234)
</failure>
  </testcase>
  <testcase classname="com.ou.services.BranchServiceTest" name="com.ou.services.BranchServiceTest.testDeleteBranchWithValidInfomation" time="0">
    <failure type="java.lang.NullPointerException">java.lang.NullPointerException
	at com.ou.services.BranchServiceTest.testDeleteBranchWithValidInfomation(BranchServiceTest.java:260)
</failure>
  </testcase>
  <testcase classname="com.ou.services.BranchServiceTest" name="com.ou.services.BranchServiceTest.testSelectAllBranchByEmptyKw" time="0">
    <failure type="java.lang.NullPointerException">java.lang.NullPointerException
	at com.ou.services.BranchServiceTest.testSelectAllBranchByEmptyKw(BranchServiceTest.java:65)
</failure>
  </testcase>
  <testcase classname="com.ou.services.BranchServiceTest" name="com.ou.services.BranchServiceTest.testSelectAllBranchByValidKw" time="0.001">
    <failure type="java.lang.NullPointerException">java.lang.NullPointerException
	at com.ou.services.BranchServiceTest.testSelectAllBranchByValidKw(BranchServiceTest.java:78)
</failure>
  </testcase>
  <testcase classname="com.ou.services.BranchServiceTest" name="com.ou.services.BranchServiceTest.testGetBranchAmount" time="0.001">
    <failure type="java.lang.NullPointerException">java.lang.NullPointerException
	at com.ou.services.BranchServiceTest.testGetBranchAmount(BranchServiceTest.java:102)
</failure>
  </testcase>
  <testcase classname="com.ou.services.BranchServiceTest" name="com.ou.services.BranchServiceTest.testAddBranchWithNull" time="0">
    <failure type="java.lang.NullPointerException">java.lang.NullPointerException
	at com.ou.services.BranchServiceTest.testAddBranchWithNull(BranchServiceTest.java:116)
</failure>
  </testcase>
  <testcase classname="com.ou.services.BranchServiceTest" name="com.ou.services.BranchServiceTest.testAddBranchWithExist" time="0">
    <failure type="java.lang.NullPointerException">java.lang.NullPointerException
	at com.ou.services.BranchServiceTest.testAddBranchWithExist(BranchServiceTest.java:141)
</failure>
  </testcase>
  <testcase classname="com.ou.services.BranchServiceTest" name="com.ou.services.BranchServiceTest.testAddBranchWithValidInfomation" time="0.002">
    <failure type="java.lang.NullPointerException">java.lang.NullPointerException
	at com.ou.services.BranchServiceTest.testAddBranchWithValidInfomation(BranchServiceTest.java:156)
</failure>
  </testcase>
  <testcase classname="com.ou.services.BranchServiceTest" name="com.ou.services.BranchServiceTest.testSelectAllBranchByInValid" time="0.002">
    <failure type="java.lang.NullPointerException">java.lang.NullPointerException
	at com.ou.services.BranchServiceTest.testSelectAllBranchByInValid(BranchServiceTest.java:90)
</failure>
  </testcase>
  <testcase classname="com.ou.services.BranchServiceTest" name="com.ou.services.BranchServiceTest.testUpdateBranchWithNull" time="0.001">
    <failure type="java.lang.NullPointerException">java.lang.NullPointerException
	at com.ou.services.BranchServiceTest.testUpdateBranchWithNull(BranchServiceTest.java:168)
</failure>
  </testcase>
  <testcase classname="com.ou.services.BranchServiceTest" name="com.ou.services.BranchServiceTest.testSelectAllBranchByNullKw" time="0.001">
    <failure type="java.lang.NullPointerException">java.lang.NullPointerException
	at com.ou.services.BranchServiceTest.testSelectAllBranchByNullKw(BranchServiceTest.java:52)
</failure>
  </testcase>
  <testcase classname="com.ou.services.BranchServiceTest" name="com.ou.services.BranchServiceTest.testDeleteBranchWithNull" time="0.001">
    <failure type="java.lang.NullPointerException">java.lang.NullPointerException
	at com.ou.services.BranchServiceTest.testDeleteBranchWithNull(BranchServiceTest.java:223)
</failure>
  </testcase>
  <testcase classname="com.ou.services.BranchServiceTest" name="com.ou.services.BranchServiceTest.testDeleteBranchWithExist" time="0.001">
    <failure type="java.lang.NullPointerException">java.lang.NullPointerException
	at com.ou.services.BranchServiceTest.testDeleteBranchWithExist(BranchServiceTest.java:247)
</failure>
  </testcase>
  <testcase classname="com.ou.services.BranchServiceTest" name="com.ou.services.BranchServiceTest.testUpdateBranchWithExist" time="0.001">
    <failure type="java.lang.NullPointerException">java.lang.NullPointerException
	at com.ou.services.BranchServiceTest.testUpdateBranchWithExist(BranchServiceTest.java:195)
</failure>
  </testcase>
</testsuite>